<?xml version="1.0" encoding="UTF-8"?>
<!-- Generated by org.testng.reporters.JUnitReportReporter -->
<testsuite skipped="0" hostname="AGRN50946072A" name="test.UIValidationTestCases" tests="8" failures="0" timestamp="10 Jun 2017 16:38:12 GMT" time="0.954" errors="0">
  <testcase name="validatePaddingTop" time="0.033" classname="test.UIValidationTestCases"/>
  <testcase name="validateFontFamily1" time="0.042" classname="test.UIValidationTestCases"/>
  <testcase name="validateFontSize" time="0.038" classname="test.UIValidationTestCases"/>
  <testcase name="validateLocation" time="0.078" classname="test.UIValidationTestCases"/>
  <testcase name="validatePaddingLeft" time="0.044" classname="test.UIValidationTestCases"/>
  <testcase name="validatePaddingRight" time="0.048" classname="test.UIValidationTestCases"/>
  <testcase name="validateColor" time="0.597" classname="test.UIValidationTestCases"/>
  <testcase name="validatePaddingBottom" time="0.074" classname="test.UIValidationTestCases"/>
</testsuite> <!-- test.UIValidationTestCases -->
