<?xml version="1.0" encoding="UTF-8"?>
<!-- Generated by org.testng.reporters.JUnitReportReporter -->
<testsuite skipped="0" hostname="AGRN50946072A" name="test.UIValidationTestCases" tests="7" failures="0" timestamp="28 May 2017 15:21:29 GMT" time="2.130" errors="0">
  <testcase name="validatePaddingBottom" time="0.175" classname="test.UIValidationTestCases"/>
  <testcase name="validateColor" time="0.956" classname="test.UIValidationTestCases"/>
  <testcase name="validateFontSize" time="0.185" classname="test.UIValidationTestCases"/>
  <testcase name="validatePaddingTop" time="0.190" classname="test.UIValidationTestCases"/>
  <testcase name="validatePaddingLeft" time="0.250" classname="test.UIValidationTestCases"/>
  <testcase name="validatePaddingRight" time="0.186" classname="test.UIValidationTestCases"/>
  <testcase name="validateFontFamily1" time="0.188" classname="test.UIValidationTestCases"/>
</testsuite> <!-- test.UIValidationTestCases -->
