<?xml version="1.0" encoding="UTF-8"?>
<!-- Generated by org.testng.reporters.JUnitReportReporter -->
<testsuite skipped="0" hostname="AGRN50946072A" name="test.UIValidationTestCases" tests="8" failures="0" timestamp="10 Jun 2017 17:16:28 GMT" time="0.909" errors="0">
  <testcase name="validatePaddingTop" time="0.041" classname="test.UIValidationTestCases"/>
  <testcase name="validateFontFamily1" time="0.048" classname="test.UIValidationTestCases"/>
  <testcase name="validateFontSize" time="0.041" classname="test.UIValidationTestCases"/>
  <testcase name="validateLocation" time="0.037" classname="test.UIValidationTestCases"/>
  <testcase name="validatePaddingLeft" time="0.039" classname="test.UIValidationTestCases"/>
  <testcase name="validatePaddingRight" time="0.062" classname="test.UIValidationTestCases"/>
  <testcase name="validateColor" time="0.591" classname="test.UIValidationTestCases"/>
  <testcase name="validatePaddingBottom" time="0.050" classname="test.UIValidationTestCases"/>
</testsuite> <!-- test.UIValidationTestCases -->
